20:05:29 ERROR D:\Desktop\~$aaa.docx:See inner exception(s) for details.             
20:05:36 ERROR D:\Desktop\~$aaasss.doc:See inner exception(s) for details.             
20:05:39 ERROR D:\Desktop\~$endDB Draw操作手册(1).doc:See inner exception(s) for details.             
20:05:40 ERROR D:\Desktop\~$onExpression配置说明.doc:See inner exception(s) for details.             
20:05:42 ERROR D:\Desktop\~$二燃需求20181031.docx:See inner exception(s) for details.             
20:05:43 ERROR D:\Desktop\~$件系统架构风格.docx:See inner exception(s) for details.             
20:05:44 ERROR D:\Desktop\~$光伏项目Liems6.2阳高电站-发电区监视20190312.docx:See inner exception(s) for details.             
20:05:45 ERROR D:\Desktop\~$壁温SIS (1).docx:See inner exception(s) for details.             
20:05:47 ERROR D:\Desktop\~$架构师一刷知识点总结.doc:See inner exception(s) for details.             
20:05:48 ERROR D:\Desktop\~$架构设计师一本通_课后习题_有答案版-已转档.docx:See inner exception(s) for details.             
20:05:50 ERROR D:\Desktop\~$淮安二燃需求.docx:See inner exception(s) for details.             
20:05:51 ERROR D:\Desktop\~$语言(王爽)第二版课后题全答案.doc:See inner exception(s) for details.             
20:05:53 ERROR D:\Desktop\系统架构师一刷知识点总结.doc:See inner exception(s) for details.             
20:05:57 ERROR D:\Desktop\Cal\cal_一平面沿平面内某一直线旋转固定角度.docx:See inner exception(s) for details.             
20:05:58 ERROR D:\Desktop\Cal\cal_点到平面的垂足.docx:See inner exception(s) for details.             
20:06:01 ERROR D:\Desktop\Cal\cal_球与过原点直线.docx:See inner exception(s) for details.             
20:06:02 ERROR D:\Desktop\Cal\~$l_一平面沿平面内某一直线旋转固定角度.docx:See inner exception(s) for details.             
20:06:03 ERROR D:\Desktop\Cal\~$l_点到平面的垂足.docx:See inner exception(s) for details.             
20:06:05 ERROR D:\Desktop\Cal\~$l_球与过原点直线.docx:See inner exception(s) for details.             
20:06:07 ERROR D:\Desktop\chx\~$RFID服务器远程桌面步骤.docx:See inner exception(s) for details.             
20:06:08 ERROR D:\Desktop\chx\~$汽车AVI系统操作手册0715.docx:See inner exception(s) for details.             
20:06:10 ERROR D:\Desktop\chx\~$汽车AVI系统详细设计0722.docx:See inner exception(s) for details.             
20:06:11 ERROR D:\Desktop\chx\~$汽车AVI系统需求规格说明书0802.docx:See inner exception(s) for details.             
20:06:14 ERROR D:\Desktop\chx\~$汽车软件开发技术协议190809(1)(1)(1).doc:See inner exception(s) for details.             
20:06:17 ERROR D:\Desktop\chx\东南RFID服务器远程桌面步骤.docx:See inner exception(s) for details.             
20:06:20 ERROR D:\Desktop\chx\东南汽车AVI系统操作手册0715.docx:See inner exception(s) for details.             
20:06:23 ERROR D:\Desktop\chx\东南汽车AVI系统详细设计0722.docx:See inner exception(s) for details.             
20:06:35 ERROR D:\Desktop\~$aaa.docx:See inner exception(s) for details.             
20:06:37 ERROR D:\Desktop\~$aaasss.doc:See inner exception(s) for details.             
20:06:39 ERROR D:\Desktop\~$endDB Draw操作手册(1).doc:See inner exception(s) for details.             
20:06:40 ERROR D:\Desktop\~$onExpression配置说明.doc:See inner exception(s) for details.             
20:06:41 ERROR D:\Desktop\~$二燃需求20181031.docx:See inner exception(s) for details.             
20:06:42 ERROR D:\Desktop\~$件系统架构风格.docx:See inner exception(s) for details.             
20:06:43 ERROR D:\Desktop\~$光伏项目Liems6.2阳高电站-发电区监视20190312.docx:See inner exception(s) for details.             
20:06:43 ERROR D:\Desktop\~$壁温SIS (1).docx:See inner exception(s) for details.             
20:06:45 ERROR D:\Desktop\~$架构师一刷知识点总结.doc:See inner exception(s) for details.             
20:06:46 ERROR D:\Desktop\~$架构设计师一本通_课后习题_有答案版-已转档.docx:See inner exception(s) for details.             
20:06:47 ERROR D:\Desktop\~$淮安二燃需求.docx:See inner exception(s) for details.             
20:06:48 ERROR D:\Desktop\~$语言(王爽)第二版课后题全答案.doc:See inner exception(s) for details.             
20:06:50 ERROR D:\Desktop\系统架构师一刷知识点总结.doc:See inner exception(s) for details.             
20:06:51 ERROR D:\Desktop\Cal\cal_一平面沿平面内某一直线旋转固定角度.docx:See inner exception(s) for details.             
20:06:53 ERROR D:\Desktop\Cal\cal_点到平面的垂足.docx:See inner exception(s) for details.             
20:06:55 ERROR D:\Desktop\Cal\cal_球与过原点直线.docx:See inner exception(s) for details.             
20:06:56 ERROR D:\Desktop\Cal\~$l_一平面沿平面内某一直线旋转固定角度.docx:See inner exception(s) for details.             
20:06:57 ERROR D:\Desktop\Cal\~$l_点到平面的垂足.docx:See inner exception(s) for details.             
20:06:58 ERROR D:\Desktop\Cal\~$l_球与过原点直线.docx:See inner exception(s) for details.             
20:06:59 ERROR D:\Desktop\chx\~$RFID服务器远程桌面步骤.docx:See inner exception(s) for details.             
20:07:00 ERROR D:\Desktop\chx\~$汽车AVI系统操作手册0715.docx:See inner exception(s) for details.             
20:07:01 ERROR D:\Desktop\chx\~$汽车AVI系统详细设计0722.docx:See inner exception(s) for details.             
20:07:01 ERROR D:\Desktop\chx\~$汽车AVI系统需求规格说明书0802.docx:See inner exception(s) for details.             
20:07:03 ERROR D:\Desktop\chx\~$汽车软件开发技术协议190809(1)(1)(1).doc:See inner exception(s) for details.             
20:07:04 ERROR D:\Desktop\chx\东南RFID服务器远程桌面步骤.docx:See inner exception(s) for details.             
20:07:07 ERROR D:\Desktop\chx\东南汽车AVI系统操作手册0715.docx:See inner exception(s) for details.             
20:07:09 ERROR D:\Desktop\chx\东南汽车AVI系统详细设计0722.docx:See inner exception(s) for details.             
20:07:12 ERROR D:\Desktop\chx\东南汽车AVI系统需求规格说明书0802.docx:See inner exception(s) for details.             
20:07:14 ERROR D:\Desktop\chx\东南汽车软件开发技术协议190809(1)(1)(1).doc:See inner exception(s) for details.             
20:07:15 ERROR 加载PDF文件D:\Desktop\lpf转换工具\简易操作手册.pdf失败,错误:iTextSharp.text.exceptions.InvalidPdfException: PDF header signature not found.
   在 iTextSharp.text.pdf.PdfReader..ctor(ReaderProperties properties, IRandomAccessSource byteSource)
   在 iTextSharp.text.pdf.PdfReader..ctor(String filename)
   在 FindKeyWordsInFile.ITextSharpHandler.ReadPdf(String fileName) 位置 E:\10 关键词文件检索\FindKeyWordsInFile\FindKeyWordsInFile\Helper\PDFHelper.cs:行号 69             
20:07:26 ERROR D:\Desktop\合盛电业（鄯善）项目资料\~$合盛电业（鄯善）有限公司2X250MW热电联产工程生产管理（MIS）系统硬件采购邮件回复记录整理资料.doc:See inner exception(s) for details.             
20:07:28 ERROR D:\Desktop\合盛电业（鄯善）项目资料\~$合盛硅业（鄯善）生产实时信息监测系统设计方案.doc:See inner exception(s) for details.             
20:07:30 ERROR D:\Desktop\合盛电业（鄯善）项目资料\~$电业（鄯善）有限公司实施方案(1).doc:See inner exception(s) for details.             
20:07:32 ERROR D:\Desktop\合盛电业（鄯善）项目资料\关于合盛电业（鄯善）有限公司2X250MW热电联产工程生产管理（MIS）系统硬件采购邮件回复记录整理资料.doc:See inner exception(s) for details.             
20:07:36 ERROR D:\Desktop\合盛电业（鄯善）项目资料\合盛电业（鄯善）有限公司实施方案(1).doc:See inner exception(s) for details.             
20:07:39 ERROR D:\Desktop\合盛电业（鄯善）项目资料\新疆合盛硅业（鄯善）生产实时信息监测系统设计方案.doc:See inner exception(s) for details.             
20:07:47 ERROR D:\Desktop\桌面\DataMaster配置调试手册_v2.2.1(2)(1)(2).doc:See inner exception(s) for details.             
20:07:52 ERROR D:\Desktop\桌面\SIS实时监视操作指导书.doc:See inner exception(s) for details.             
20:07:55 ERROR D:\Desktop\桌面\业务技能考核评审表_智慧数据项目部_陈宽_生产报表.doc:See inner exception(s) for details.             
20:08:01 ERROR D:\Desktop\桌面\合众安全数据交换系统操作手册.doc:See inner exception(s) for details.             
20:08:03 ERROR D:\Desktop\桌面\蒲城管理员手册.docx:See inner exception(s) for details.             
20:08:04 ERROR D:\Desktop\通辽指标考核\~$标问题1.1(1).docx:See inner exception(s) for details.             
20:08:06 ERROR D:\Desktop\通辽指标考核\小指标问题1.1(1).docx:See inner exception(s) for details.             
